2022.03.06 07:33:00 INFO  tracing is disabled for protocol LSP, to enable tracing of incoming and outgoing JSON messages create an empty file at c:\Users\Raymu\OneDrive\Documentos\GitHub\Datos_Masivos\.metals\lsp.trace.json or C:\Users\Raymu\AppData\Local\scalameta\metals\cache\lsp.trace.json
2022.03.06 07:33:01 INFO  logging to file C:\Users\Raymu\OneDrive\Documentos\GitHub\Datos_Masivos\.metals\metals.log
2022.03.06 07:33:01 INFO  Started: Metals version 0.11.1 in workspace 'C:\Users\Raymu\OneDrive\Documentos\GitHub\Datos_Masivos' for client Visual Studio Code 1.65.0.
2022.03.06 07:33:01 INFO  Parse release: 1.8.0_202
2022.03.06 07:33:02 INFO  time: initialize in 1.42s
2022.03.06 07:33:03 WARN  Build server is not auto-connectable.
2022.03.06 07:33:03 WARN  no build tool detected in workspace 'C:\Users\Raymu\OneDrive\Documentos\GitHub\Datos_Masivos'. The most common cause for this problem is that the editor was opened in the wrong working directory, for example if you use sbt then the workspace directory should contain build.sbt. 
2022.03.06 07:33:03 WARN  no build target for: C:\Users\Raymu\OneDrive\Documentos\GitHub\Datos_Masivos\Unidad 1\Practices\Practica_2.scala
2022.03.06 07:33:06 INFO  no build target found for C:\Users\Raymu\OneDrive\Documentos\GitHub\Datos_Masivos\Unidad 1\Practices\Practica_2.scala. Using presentation compiler with project's scala-library version: 3.1.0
2022.03.06 07:33:08 INFO  time: code lens generation in 5.05s
mar 06, 2022 7:33:31 AM org.eclipse.lsp4j.jsonrpc.RemoteEndpoint handleCancellation
ADVERTENCIA: Unmatched cancel notification for request id 11
2022.03.06 07:34:01 WARN  no build target for: C:\Users\Raymu\OneDrive\Documentos\GitHub\Datos_Masivos\Unidad 1\Practices\Practica_2.scala
2022.03.06 08:10:26 WARN  no build target for: C:\Users\Raymu\OneDrive\Documentos\GitHub\Datos_Masivos\Unidad 1\Practices\Practica_3.scala
2022.03.06 09:19:25 INFO  shutting down Metals
2022.03.21 10:46:33 INFO  tracing is disabled for protocol LSP, to enable tracing of incoming and outgoing JSON messages create an empty file at c:\Users\Raymu\OneDrive\Documentos\GitHub\Datos_Masivos\.metals\lsp.trace.json or C:\Users\Raymu\AppData\Local\scalameta\metals\cache\lsp.trace.json
2022.03.21 10:46:34 INFO  logging to file C:\Users\Raymu\OneDrive\Documentos\GitHub\Datos_Masivos\.metals\metals.log
2022.03.21 10:46:34 INFO  Started: Metals version 0.11.2 in workspace 'C:\Users\Raymu\OneDrive\Documentos\GitHub\Datos_Masivos' for client Visual Studio Code 1.65.2.
2022.03.21 10:46:34 INFO  Parse release: 1.8.0_202
2022.03.21 10:46:35 INFO  time: initialize in 1.35s
2022.03.21 10:46:35 INFO  Deleting old database format C:\Users\Raymu\OneDrive\Documentos\GitHub\Datos_Masivos\.metals\metals.h2.db
2022.03.21 10:46:35 WARN  Build server is not auto-connectable.
2022.03.21 10:46:35 WARN  no build tool detected in workspace 'C:\Users\Raymu\OneDrive\Documentos\GitHub\Datos_Masivos'. The most common cause for this problem is that the editor was opened in the wrong working directory, for example if you use sbt then the workspace directory should contain build.sbt. 
2022.03.21 10:46:36 WARN  no build target for: E:\Escuela Backup\Universidad\Semestre 10 (9 Semestre)\Datos Masivos\Mitad examen.scala
2022.03.21 10:46:36 WARN  no build target for: C:\Users\Raymu\OneDrive\Documentos\GitHub\Datos_Masivos\Unidad 1\Evaluation\ExamUnit1.scala
mar 21, 2022 10:46:36 AM org.eclipse.lsp4j.jsonrpc.RemoteEndpoint fallbackResponseError
GRAVE: Internal error: java.lang.IllegalArgumentException: Illegal character in path at index 70: file:///C:/Users/Raymu/OneDrive/Documentos/GitHub/Datos_Masivos/Unidad 1/Evaluation/ExamUnit1.scala
java.util.concurrent.CompletionException: java.lang.IllegalArgumentException: Illegal character in path at index 70: file:///C:/Users/Raymu/OneDrive/Documentos/GitHub/Datos_Masivos/Unidad 1/Evaluation/ExamUnit1.scala
	at java.util.concurrent.CompletableFuture.encodeThrowable(CompletableFuture.java:292)
	at java.util.concurrent.CompletableFuture.completeThrowable(CompletableFuture.java:308)
	at java.util.concurrent.CompletableFuture.uniAccept(CompletableFuture.java:647)
	at java.util.concurrent.CompletableFuture$UniAccept.tryFire(CompletableFuture.java:632)
	at java.util.concurrent.CompletableFuture.postComplete(CompletableFuture.java:474)
	at java.util.concurrent.CompletableFuture.completeExceptionally(CompletableFuture.java:1977)
	at scala.meta.internal.metals.CancelTokens$.$anonfun$future$1(CancelTokens.scala:40)
	at scala.meta.internal.metals.CancelTokens$.$anonfun$future$1$adapted(CancelTokens.scala:38)
	at scala.concurrent.impl.CallbackRunnable.run(Promise.scala:64)
	at java.util.concurrent.ThreadPoolExecutor.runWorker(ThreadPoolExecutor.java:1149)
	at java.util.concurrent.ThreadPoolExecutor$Worker.run(ThreadPoolExecutor.java:624)
	at java.lang.Thread.run(Thread.java:748)
Caused by: java.lang.IllegalArgumentException: Illegal character in path at index 70: file:///C:/Users/Raymu/OneDrive/Documentos/GitHub/Datos_Masivos/Unidad 1/Evaluation/ExamUnit1.scala
	at java.net.URI.create(URI.java:852)
	at scala.meta.internal.mtags.MtagsEnrichments$XtensionStringMtags.toAbsolutePath(MtagsEnrichments.scala:103)
	at scala.meta.internal.mtags.MtagsEnrichments$XtensionStringMtags.toAbsolutePath(MtagsEnrichments.scala:99)
	at scala.meta.internal.parsing.Trees.tokenized(Trees.scala:112)
	at scala.meta.internal.parsing.TokenEditDistance$.apply(TokenEditDistance.scala:383)
	at scala.meta.internal.metals.Diagnostics.publishDiagnostics(Diagnostics.scala:195)
	at scala.meta.internal.metals.Diagnostics.publishDiagnostics(Diagnostics.scala:164)
	at scala.meta.internal.metals.Diagnostics.onSyntaxError(Diagnostics.scala:85)
	at scala.meta.internal.metals.MetalsLanguageServer.$anonfun$parseTreesAndPublishDiags$2(MetalsLanguageServer.scala:292)
	at scala.runtime.java8.JFunction0$mcV$sp.apply(JFunction0$mcV$sp.java:23)
	at scala.concurrent.Future$.$anonfun$apply$1(Future.scala:659)
	at scala.util.Success.$anonfun$map$1(Try.scala:255)
	at scala.util.Success.map(Try.scala:213)
	at scala.concurrent.Future.$anonfun$map$1(Future.scala:292)
	at scala.concurrent.impl.Promise.liftedTree1$1(Promise.scala:33)
	at scala.concurrent.impl.Promise.$anonfun$transform$1(Promise.scala:33)
	... 4 more
Caused by: java.net.URISyntaxException: Illegal character in path at index 70: file:///C:/Users/Raymu/OneDrive/Documentos/GitHub/Datos_Masivos/Unidad 1/Evaluation/ExamUnit1.scala
	at java.net.URI$Parser.fail(URI.java:2848)
	at java.net.URI$Parser.checkChars(URI.java:3021)
	at java.net.URI$Parser.parseHierarchical(URI.java:3105)
	at java.net.URI$Parser.parse(URI.java:3053)
	at java.net.URI.<init>(URI.java:588)
	at java.net.URI.create(URI.java:850)
	... 19 more

2022.03.21 10:46:39 INFO  no build target found for C:\Users\Raymu\OneDrive\Documentos\GitHub\Datos_Masivos\Unidad 1\Evaluation\ExamUnit1.scala. Using presentation compiler with project's scala-library version: 3.1.1
2022.03.21 10:46:39 WARN  no build target for: E:\Descargas\ExamUnit1.scala
2022.03.21 10:46:42 INFO  time: code lens generation in 2.55s
2022.03.21 10:46:42 INFO  time: code lens generation in 5.4s
mar 21, 2022 10:46:52 AM org.eclipse.lsp4j.jsonrpc.RemoteEndpoint handleNotification
ADVERTENCIA: Notification threw an exception: {
  "jsonrpc": "2.0",
  "method": "textDocument/didChange",
  "params": {
    "textDocument": {
      "version": 2,
      "uri": "file:///c%3A/Users/Raymu/OneDrive/Documentos/GitHub/Datos_Masivos/Unidad%201/Evaluation/ExamUnit1.scala"
    },
    "contentChanges": [
      {
        "text": "//RAYMUNDO HIRALES LAZARENO - 17212339\r\n//PAULA ANDREA RAMOS VERDIN - 18210721\r\n//Exam Unit 1 - 22/03/22\r\n\r\n//1.- Comienza con una simple sesion de spark\r\nimport org.apache.spark.sql.SparkSession\r\nval spark \u003d SparkSession.builder().getOrCreate()\r\n\r\n//2.- Cargue el Archivo Netflix Stock CSV, haga que Spark infiere los tipos de datos\r\n\r\nval net \u003d spark.read.option(\"header\", \"true\").option (\"inferSchema\", \"true\") csv (\"Netflix_2011_2016.csv\")\r\nnet\r\nnet.printSchema()\r\n\r\n//3.- ¿Cuáles son los nombres de las columnas?\r\nnet.columns\r\n\r\n//4.- ¿Cómo es el esquema?\r\nnet.printSchema()\r\n\r\n//5.- Imprime las primeras 5 columnas.\r\nvar col \u003d 0\r\nwhile(col \u003c 5)\r\n{\r\n    println(net.columns(col))\r\n    col \u003d col + 1\r\n}\r\n\r\n//6.-Usa describe () para aprender sobre el DataFrame.\r\nnet.describe().show()\r\n\r\n//7.- Crea un nuevo dataframe con una columna nueva llamada “HV Ratio” que es la relación que\r\n//existe entre el precio de la columna “High” frente a la columna “Volumen” de acciones\r\n//negociadas por un día. Hint - es una operación\r\nimport org.apache.spark.sql.Column\r\nval nData \u003d net.withColumn(\"HVRatio\", net(\"High\")/net(\"Volume\"))\r\nnData.show() \r\n//8-.¿Qué día tuvo el pico mas alto en la columna “Open”?\r\nval maxp \u003d newData.orderBy(desc(\"Open\"))\r\nmaxp.select(\"Date\").limit(1).show()\r\n\r\n//9-.¿Cuál es el significado de la columna Cerrar “Close” en el contexto de información financiera, expliquelo no hay que codificar nada?\r\n/*\r\nCuando el precio de la columna High sube parece ser lo mismo para la columna Close solo que esta \r\nsiempre en menor cantidad que la High, lo que quiere decir que a medida que High\r\nsube lo mas probables es que Close tambien lo haga pero en menor cantidad*/\r\n\r\n//10-.¿Cuál es el máximo y mínimo de la columna “Volumen”?\r\ndf.select(max(\"Volume\")).show()\r\ndf.select(min(\"Volume\")).show()\r\n\r\n//11-.Con Sintaxis Scala/Spark $ conteste los siguiente:\r\n\r\n//a-.Cuantos dias fue la columna \"Close\" inferior a $600?\r\ndf.filter($\"Close\"\u003c600).count()\r\n\r\n//b-.Que porcentaje del tiempo fue la columna \"High\" mayor que $500?\r\nval tiempo:Double \u003d df.filter($\"High\"\u003e500).count()\r\nval porcentaje:Double \u003d (tiempo*100)/1259\r\n\r\n//c-.Cual es la correlacion de pearson entre columna \"High\" y la columna \"Volumen\"?\r\ndf.select(corr(\"High\",\"Volume\").alias(\"Correlacion\")).show()\r\n\r\n//d-.Cual es el maximo de la columna \"High\" por año?\r\ndf.groupBy(year(df(\"Date\")).alias(\"Year\")).max(\"High\").sort(asc(\"Year\")).show()\r\n\r\n//e-.Cual es el promedio de la columna \"Close\" para cada mes del calendario?\r\ndf.groupBy(month(df(\"Date\")).alias(\"Month\")).avg(\"Close\").sort(asc(\"Month\")).show()"
      }
    ]
  }
}
java.lang.RuntimeException: java.lang.reflect.InvocationTargetException
	at org.eclipse.lsp4j.jsonrpc.services.GenericEndpoint.lambda$null$0(GenericEndpoint.java:67)
	at org.eclipse.lsp4j.jsonrpc.services.GenericEndpoint.notify(GenericEndpoint.java:152)
	at org.eclipse.lsp4j.jsonrpc.RemoteEndpoint.handleNotification(RemoteEndpoint.java:220)
	at org.eclipse.lsp4j.jsonrpc.RemoteEndpoint.consume(RemoteEndpoint.java:187)
	at org.eclipse.lsp4j.jsonrpc.json.StreamMessageProducer.handleMessage(StreamMessageProducer.java:194)
	at org.eclipse.lsp4j.jsonrpc.json.StreamMessageProducer.listen(StreamMessageProducer.java:94)
	at org.eclipse.lsp4j.jsonrpc.json.ConcurrentMessageProcessor.run(ConcurrentMessageProcessor.java:113)
	at java.util.concurrent.Executors$RunnableAdapter.call(Executors.java:511)
	at java.util.concurrent.FutureTask.run(FutureTask.java:266)
	at java.util.concurrent.ThreadPoolExecutor.runWorker(ThreadPoolExecutor.java:1149)
	at java.util.concurrent.ThreadPoolExecutor$Worker.run(ThreadPoolExecutor.java:624)
	at java.lang.Thread.run(Thread.java:748)
Caused by: java.lang.reflect.InvocationTargetException
	at sun.reflect.NativeMethodAccessorImpl.invoke0(Native Method)
	at sun.reflect.NativeMethodAccessorImpl.invoke(NativeMethodAccessorImpl.java:62)
	at sun.reflect.DelegatingMethodAccessorImpl.invoke(DelegatingMethodAccessorImpl.java:43)
	at java.lang.reflect.Method.invoke(Method.java:498)
	at org.eclipse.lsp4j.jsonrpc.services.GenericEndpoint.lambda$null$0(GenericEndpoint.java:65)
	... 11 more
Caused by: java.lang.IllegalArgumentException: Illegal character in path at index 70: file:///C:/Users/Raymu/OneDrive/Documentos/GitHub/Datos_Masivos/Unidad 1/Evaluation/ExamUnit1.scala
	at java.net.URI.create(URI.java:852)
	at scala.meta.internal.mtags.MtagsEnrichments$XtensionStringMtags.toAbsolutePath(MtagsEnrichments.scala:103)
	at scala.meta.internal.mtags.MtagsEnrichments$XtensionStringMtags.toAbsolutePath(MtagsEnrichments.scala:99)
	at scala.meta.internal.parsing.Trees.tokenized(Trees.scala:112)
	at scala.meta.internal.parsing.TokenEditDistance$.apply(TokenEditDistance.scala:383)
	at scala.meta.internal.metals.Diagnostics.publishDiagnostics(Diagnostics.scala:195)
	at scala.meta.internal.metals.Diagnostics.publishDiagnostics(Diagnostics.scala:164)
	at scala.meta.internal.metals.Diagnostics.didChange(Diagnostics.scala:112)
	at scala.meta.internal.metals.MetalsLanguageServer.didChange(MetalsLanguageServer.scala:1193)
	... 16 more
Caused by: java.net.URISyntaxException: Illegal character in path at index 70: file:///C:/Users/Raymu/OneDrive/Documentos/GitHub/Datos_Masivos/Unidad 1/Evaluation/ExamUnit1.scala
	at java.net.URI$Parser.fail(URI.java:2848)
	at java.net.URI$Parser.checkChars(URI.java:3021)
	at java.net.URI$Parser.parseHierarchical(URI.java:3105)
	at java.net.URI$Parser.parse(URI.java:3053)
	at java.net.URI.<init>(URI.java:588)
	at java.net.URI.create(URI.java:850)
	... 24 more

mar 21, 2022 10:46:52 AM org.eclipse.lsp4j.jsonrpc.RemoteEndpoint fallbackResponseError
GRAVE: Internal error: java.lang.IllegalArgumentException: Illegal character in path at index 70: file:///C:/Users/Raymu/OneDrive/Documentos/GitHub/Datos_Masivos/Unidad 1/Evaluation/ExamUnit1.scala
java.util.concurrent.CompletionException: java.lang.IllegalArgumentException: Illegal character in path at index 70: file:///C:/Users/Raymu/OneDrive/Documentos/GitHub/Datos_Masivos/Unidad 1/Evaluation/ExamUnit1.scala
	at java.util.concurrent.CompletableFuture.encodeThrowable(CompletableFuture.java:292)
	at java.util.concurrent.CompletableFuture.completeThrowable(CompletableFuture.java:308)
	at java.util.concurrent.CompletableFuture.uniAccept(CompletableFuture.java:647)
	at java.util.concurrent.CompletableFuture$UniAccept.tryFire(CompletableFuture.java:632)
	at java.util.concurrent.CompletableFuture.postComplete(CompletableFuture.java:474)
	at java.util.concurrent.CompletableFuture.completeExceptionally(CompletableFuture.java:1977)
	at scala.meta.internal.metals.CancelTokens$.$anonfun$future$1(CancelTokens.scala:40)
	at scala.meta.internal.metals.CancelTokens$.$anonfun$future$1$adapted(CancelTokens.scala:38)
	at scala.concurrent.impl.CallbackRunnable.run(Promise.scala:64)
	at java.util.concurrent.ThreadPoolExecutor.runWorker(ThreadPoolExecutor.java:1149)
	at java.util.concurrent.ThreadPoolExecutor$Worker.run(ThreadPoolExecutor.java:624)
	at java.lang.Thread.run(Thread.java:748)
Caused by: java.lang.IllegalArgumentException: Illegal character in path at index 70: file:///C:/Users/Raymu/OneDrive/Documentos/GitHub/Datos_Masivos/Unidad 1/Evaluation/ExamUnit1.scala
	at java.net.URI.create(URI.java:852)
	at scala.meta.internal.mtags.MtagsEnrichments$XtensionStringMtags.toAbsolutePath(MtagsEnrichments.scala:103)
	at scala.meta.internal.mtags.MtagsEnrichments$XtensionStringMtags.toAbsolutePath(MtagsEnrichments.scala:99)
	at scala.meta.internal.parsing.Trees.tokenized(Trees.scala:112)
	at scala.meta.internal.metals.formatting.RangeFormattingProvider.$anonfun$format$1(RangeFormattingProvider.scala:54)
	at scala.Option.map(Option.scala:230)
	at scala.meta.internal.metals.formatting.RangeFormattingProvider.format(RangeFormattingProvider.scala:50)
	at scala.meta.internal.metals.MetalsLanguageServer.$anonfun$rangeFormatting$1(MetalsLanguageServer.scala:1498)
	at scala.meta.internal.metals.CancelTokens$.$anonfun$apply$2(CancelTokens.scala:26)
	at scala.concurrent.Future$.$anonfun$apply$1(Future.scala:659)
	at scala.util.Success.$anonfun$map$1(Try.scala:255)
	at scala.util.Success.map(Try.scala:213)
	at scala.concurrent.Future.$anonfun$map$1(Future.scala:292)
	at scala.concurrent.impl.Promise.liftedTree1$1(Promise.scala:33)
	at scala.concurrent.impl.Promise.$anonfun$transform$1(Promise.scala:33)
	... 4 more
Caused by: java.net.URISyntaxException: Illegal character in path at index 70: file:///C:/Users/Raymu/OneDrive/Documentos/GitHub/Datos_Masivos/Unidad 1/Evaluation/ExamUnit1.scala
	at java.net.URI$Parser.fail(URI.java:2848)
	at java.net.URI$Parser.checkChars(URI.java:3021)
	at java.net.URI$Parser.parseHierarchical(URI.java:3105)
	at java.net.URI$Parser.parse(URI.java:3053)
	at java.net.URI.<init>(URI.java:588)
	at java.net.URI.create(URI.java:850)
	... 18 more

mar 21, 2022 10:46:53 AM org.eclipse.lsp4j.jsonrpc.RemoteEndpoint fallbackResponseError
GRAVE: Internal error: java.lang.IllegalArgumentException: Illegal character in path at index 70: file:///C:/Users/Raymu/OneDrive/Documentos/GitHub/Datos_Masivos/Unidad 1/Evaluation/ExamUnit1.scala
java.util.concurrent.CompletionException: java.lang.IllegalArgumentException: Illegal character in path at index 70: file:///C:/Users/Raymu/OneDrive/Documentos/GitHub/Datos_Masivos/Unidad 1/Evaluation/ExamUnit1.scala
	at java.util.concurrent.CompletableFuture.encodeThrowable(CompletableFuture.java:292)
	at java.util.concurrent.CompletableFuture.completeThrowable(CompletableFuture.java:308)
	at java.util.concurrent.CompletableFuture.uniAccept(CompletableFuture.java:647)
	at java.util.concurrent.CompletableFuture$UniAccept.tryFire(CompletableFuture.java:632)
	at java.util.concurrent.CompletableFuture.postComplete(CompletableFuture.java:474)
	at java.util.concurrent.CompletableFuture.completeExceptionally(CompletableFuture.java:1977)
	at scala.meta.internal.metals.CancelTokens$.$anonfun$future$1(CancelTokens.scala:40)
	at scala.meta.internal.metals.CancelTokens$.$anonfun$future$1$adapted(CancelTokens.scala:38)
	at scala.concurrent.impl.CallbackRunnable.run(Promise.scala:64)
	at java.util.concurrent.ThreadPoolExecutor.runWorker(ThreadPoolExecutor.java:1149)
	at java.util.concurrent.ThreadPoolExecutor$Worker.run(ThreadPoolExecutor.java:624)
	at java.lang.Thread.run(Thread.java:748)
Caused by: java.lang.IllegalArgumentException: Illegal character in path at index 70: file:///C:/Users/Raymu/OneDrive/Documentos/GitHub/Datos_Masivos/Unidad 1/Evaluation/ExamUnit1.scala
	at java.net.URI.create(URI.java:852)
	at scala.meta.internal.mtags.MtagsEnrichments$XtensionStringMtags.toAbsolutePath(MtagsEnrichments.scala:103)
	at scala.meta.internal.mtags.MtagsEnrichments$XtensionStringMtags.toAbsolutePath(MtagsEnrichments.scala:99)
	at scala.meta.internal.parsing.Trees.tokenized(Trees.scala:112)
	at scala.meta.internal.parsing.TokenEditDistance$.apply(TokenEditDistance.scala:383)
	at scala.meta.internal.metals.Buffers.tokenEditDistance(Buffers.scala:30)
	at scala.meta.internal.metals.codelenses.RunTestCodeLens.codeLenses(RunTestCodeLens.scala:63)
	at scala.meta.internal.metals.CodeLensProvider.$anonfun$findLenses$3(CodeLensProvider.scala:26)
	at scala.collection.immutable.List.flatMap(List.scala:366)
	at scala.meta.internal.metals.CodeLensProvider.$anonfun$findLenses$2(CodeLensProvider.scala:26)
	at scala.Option.map(Option.scala:230)
	at scala.meta.internal.metals.CodeLensProvider.findLenses(CodeLensProvider.scala:24)
	at scala.meta.internal.metals.MetalsLanguageServer.$anonfun$codeLens$2(MetalsLanguageServer.scala:1628)
	at scala.meta.internal.metals.TimerProvider.timedThunk(TimerProvider.scala:25)
	at scala.meta.internal.metals.MetalsLanguageServer.$anonfun$codeLens$1(MetalsLanguageServer.scala:1626)
	at scala.meta.internal.metals.CancelTokens$.$anonfun$apply$2(CancelTokens.scala:26)
	at scala.concurrent.Future$.$anonfun$apply$1(Future.scala:659)
	at scala.util.Success.$anonfun$map$1(Try.scala:255)
	at scala.util.Success.map(Try.scala:213)
	at scala.concurrent.Future.$anonfun$map$1(Future.scala:292)
	at scala.concurrent.impl.Promise.liftedTree1$1(Promise.scala:33)
	at scala.concurrent.impl.Promise.$anonfun$transform$1(Promise.scala:33)
	... 4 more
Caused by: java.net.URISyntaxException: Illegal character in path at index 70: file:///C:/Users/Raymu/OneDrive/Documentos/GitHub/Datos_Masivos/Unidad 1/Evaluation/ExamUnit1.scala
	at java.net.URI$Parser.fail(URI.java:2848)
	at java.net.URI$Parser.checkChars(URI.java:3021)
	at java.net.URI$Parser.parseHierarchical(URI.java:3105)
	at java.net.URI$Parser.parse(URI.java:3053)
	at java.net.URI.<init>(URI.java:588)
	at java.net.URI.create(URI.java:850)
	... 25 more

mar 21, 2022 10:46:56 AM org.eclipse.lsp4j.jsonrpc.RemoteEndpoint handleNotification
ADVERTENCIA: Notification threw an exception: {
  "jsonrpc": "2.0",
  "method": "textDocument/didChange",
  "params": {
    "textDocument": {
      "version": 3,
      "uri": "file:///c%3A/Users/Raymu/OneDrive/Documentos/GitHub/Datos_Masivos/Unidad%201/Evaluation/ExamUnit1.scala"
    },
    "contentChanges": [
      {
        "text": "//RAYMUNDO HIRALES LAZARENO - 17212339\r\n//PAULA ANDREA RAMOS VERDIN - 18210721\r\n//Exam Unit 1 - 22/03/22\r\n\r\n//1.- Comienza con una simple sesion de spark\r\nimport org.apache.spark.sql.SparkSession\r\nval spark \u003d SparkSession.builder().getOrCreate()\r\n\r\n//2.- Cargue el Archivo Netflix Stock CSV, haga que Spark infiere los tipos de datos\r\n\r\nval net \u003d spark.read.option(\"header\", \"true\").option (\"inferSchema\", \"true\") csv (\"Netflix_2011_2016.csv\")\r\nnet\r\nnet.printSchema()\r\n\r\n//3.- ¿Cuáles son los nombres de las columnas?\r\nnet.columns\r\n\r\n//4.- ¿Cómo es el esquema?\r\nnet.printSchema()\r\n\r\n//5.- Imprime las primeras 5 columnas.\r\nvar col \u003d 0\r\nwhile(col \u003c 5)\r\n{\r\n    println(net.columns(col))\r\n    col \u003d col + 1\r\n}\r\n\r\n//6.-Usa describe () para aprender sobre el DataFrame.\r\nnet.describe().show()\r\n\r\n//7.- Crea un nuevo dataframe con una columna nueva llamada “HV Ratio” que es la relación que\r\n//existe entre el precio de la columna “High” frente a la columna “Volumen” de acciones\r\n//negociadas por un día. Hint - es una operación\r\nimport org.apache.spark.sql.Column\r\nval nData \u003d net.withColumn(\"HVRatio\", net(\"High\")/net(\"Volume\"))\r\nnData.show() \r\n\r\n//8-.¿Qué día tuvo el pico mas alto en la columna “Open”?\r\nval maxp \u003d newData.orderBy(desc(\"Open\"))\r\nmaxp.select(\"Date\").limit(1).show()\r\n\r\n//9-.¿Cuál es el significado de la columna Cerrar “Close” en el contexto de información financiera, expliquelo no hay que codificar nada?\r\n/*\r\nCuando el precio de la columna High sube parece ser lo mismo para la columna Close solo que esta \r\nsiempre en menor cantidad que la High, lo que quiere decir que a medida que High\r\nsube lo mas probables es que Close tambien lo haga pero en menor cantidad*/\r\n\r\n//10-.¿Cuál es el máximo y mínimo de la columna “Volumen”?\r\ndf.select(max(\"Volume\")).show()\r\ndf.select(min(\"Volume\")).show()\r\n\r\n//11-.Con Sintaxis Scala/Spark $ conteste los siguiente:\r\n\r\n//a-.Cuantos dias fue la columna \"Close\" inferior a $600?\r\ndf.filter($\"Close\"\u003c600).count()\r\n\r\n//b-.Que porcentaje del tiempo fue la columna \"High\" mayor que $500?\r\nval tiempo:Double \u003d df.filter($\"High\"\u003e500).count()\r\nval porcentaje:Double \u003d (tiempo*100)/1259\r\n\r\n//c-.Cual es la correlacion de pearson entre columna \"High\" y la columna \"Volumen\"?\r\ndf.select(corr(\"High\",\"Volume\").alias(\"Correlacion\")).show()\r\n\r\n//d-.Cual es el maximo de la columna \"High\" por año?\r\ndf.groupBy(year(df(\"Date\")).alias(\"Year\")).max(\"High\").sort(asc(\"Year\")).show()\r\n\r\n//e-.Cual es el promedio de la columna \"Close\" para cada mes del calendario?\r\ndf.groupBy(month(df(\"Date\")).alias(\"Month\")).avg(\"Close\").sort(asc(\"Month\")).show()"
      }
    ]
  }
}
java.lang.RuntimeException: java.lang.reflect.InvocationTargetException
	at org.eclipse.lsp4j.jsonrpc.services.GenericEndpoint.lambda$null$0(GenericEndpoint.java:67)
	at org.eclipse.lsp4j.jsonrpc.services.GenericEndpoint.notify(GenericEndpoint.java:152)
	at org.eclipse.lsp4j.jsonrpc.RemoteEndpoint.handleNotification(RemoteEndpoint.java:220)
	at org.eclipse.lsp4j.jsonrpc.RemoteEndpoint.consume(RemoteEndpoint.java:187)
	at org.eclipse.lsp4j.jsonrpc.json.StreamMessageProducer.handleMessage(StreamMessageProducer.java:194)
	at org.eclipse.lsp4j.jsonrpc.json.StreamMessageProducer.listen(StreamMessageProducer.java:94)
	at org.eclipse.lsp4j.jsonrpc.json.ConcurrentMessageProcessor.run(ConcurrentMessageProcessor.java:113)
	at java.util.concurrent.Executors$RunnableAdapter.call(Executors.java:511)
	at java.util.concurrent.FutureTask.run(FutureTask.java:266)
	at java.util.concurrent.ThreadPoolExecutor.runWorker(ThreadPoolExecutor.java:1149)
	at java.util.concurrent.ThreadPoolExecutor$Worker.run(ThreadPoolExecutor.java:624)
	at java.lang.Thread.run(Thread.java:748)
Caused by: java.lang.reflect.InvocationTargetException
	at sun.reflect.NativeMethodAccessorImpl.invoke0(Native Method)
	at sun.reflect.NativeMethodAccessorImpl.invoke(NativeMethodAccessorImpl.java:62)
	at sun.reflect.DelegatingMethodAccessorImpl.invoke(DelegatingMethodAccessorImpl.java:43)
	at java.lang.reflect.Method.invoke(Method.java:498)
	at org.eclipse.lsp4j.jsonrpc.services.GenericEndpoint.lambda$null$0(GenericEndpoint.java:65)
	... 11 more
Caused by: java.lang.IllegalArgumentException: Illegal character in path at index 70: file:///C:/Users/Raymu/OneDrive/Documentos/GitHub/Datos_Masivos/Unidad 1/Evaluation/ExamUnit1.scala
	at java.net.URI.create(URI.java:852)
	at scala.meta.internal.mtags.MtagsEnrichments$XtensionStringMtags.toAbsolutePath(MtagsEnrichments.scala:103)
	at scala.meta.internal.mtags.MtagsEnrichments$XtensionStringMtags.toAbsolutePath(MtagsEnrichments.scala:99)
	at scala.meta.internal.parsing.Trees.tokenized(Trees.scala:112)
	at scala.meta.internal.parsing.TokenEditDistance$.apply(TokenEditDistance.scala:383)
	at scala.meta.internal.metals.Diagnostics.publishDiagnostics(Diagnostics.scala:195)
	at scala.meta.internal.metals.Diagnostics.publishDiagnostics(Diagnostics.scala:164)
	at scala.meta.internal.metals.Diagnostics.didChange(Diagnostics.scala:112)
	at scala.meta.internal.metals.MetalsLanguageServer.didChange(MetalsLanguageServer.scala:1193)
	... 16 more
Caused by: java.net.URISyntaxException: Illegal character in path at index 70: file:///C:/Users/Raymu/OneDrive/Documentos/GitHub/Datos_Masivos/Unidad 1/Evaluation/ExamUnit1.scala
	at java.net.URI$Parser.fail(URI.java:2848)
	at java.net.URI$Parser.checkChars(URI.java:3021)
	at java.net.URI$Parser.parseHierarchical(URI.java:3105)
	at java.net.URI$Parser.parse(URI.java:3053)
	at java.net.URI.<init>(URI.java:588)
	at java.net.URI.create(URI.java:850)
	... 24 more

mar 21, 2022 10:46:56 AM org.eclipse.lsp4j.jsonrpc.RemoteEndpoint fallbackResponseError
GRAVE: Internal error: java.lang.IllegalArgumentException: Illegal character in path at index 70: file:///C:/Users/Raymu/OneDrive/Documentos/GitHub/Datos_Masivos/Unidad 1/Evaluation/ExamUnit1.scala
java.util.concurrent.CompletionException: java.lang.IllegalArgumentException: Illegal character in path at index 70: file:///C:/Users/Raymu/OneDrive/Documentos/GitHub/Datos_Masivos/Unidad 1/Evaluation/ExamUnit1.scala
	at java.util.concurrent.CompletableFuture.encodeThrowable(CompletableFuture.java:292)
	at java.util.concurrent.CompletableFuture.completeThrowable(CompletableFuture.java:308)
	at java.util.concurrent.CompletableFuture.uniAccept(CompletableFuture.java:647)
	at java.util.concurrent.CompletableFuture$UniAccept.tryFire(CompletableFuture.java:632)
	at java.util.concurrent.CompletableFuture.postComplete(CompletableFuture.java:474)
	at java.util.concurrent.CompletableFuture.completeExceptionally(CompletableFuture.java:1977)
	at scala.meta.internal.metals.CancelTokens$.$anonfun$future$1(CancelTokens.scala:40)
	at scala.meta.internal.metals.CancelTokens$.$anonfun$future$1$adapted(CancelTokens.scala:38)
	at scala.concurrent.impl.CallbackRunnable.run(Promise.scala:64)
	at java.util.concurrent.ThreadPoolExecutor.runWorker(ThreadPoolExecutor.java:1149)
	at java.util.concurrent.ThreadPoolExecutor$Worker.run(ThreadPoolExecutor.java:624)
	at java.lang.Thread.run(Thread.java:748)
Caused by: java.lang.IllegalArgumentException: Illegal character in path at index 70: file:///C:/Users/Raymu/OneDrive/Documentos/GitHub/Datos_Masivos/Unidad 1/Evaluation/ExamUnit1.scala
	at java.net.URI.create(URI.java:852)
	at scala.meta.internal.mtags.MtagsEnrichments$XtensionStringMtags.toAbsolutePath(MtagsEnrichments.scala:103)
	at scala.meta.internal.mtags.MtagsEnrichments$XtensionStringMtags.toAbsolutePath(MtagsEnrichments.scala:99)
	at scala.meta.internal.parsing.Trees.tokenized(Trees.scala:112)
	at scala.meta.internal.metals.formatting.OnTypeFormattingProvider.$anonfun$format$1(OnTypeFormattingProvider.scala:57)
	at scala.Option.map(Option.scala:230)
	at scala.meta.internal.metals.formatting.OnTypeFormattingProvider.format(OnTypeFormattingProvider.scala:53)
	at scala.meta.internal.metals.MetalsLanguageServer.$anonfun$onTypeFormatting$1(MetalsLanguageServer.scala:1486)
	at scala.meta.internal.metals.CancelTokens$.$anonfun$apply$2(CancelTokens.scala:26)
	at scala.concurrent.Future$.$anonfun$apply$1(Future.scala:659)
	at scala.util.Success.$anonfun$map$1(Try.scala:255)
	at scala.util.Success.map(Try.scala:213)
	at scala.concurrent.Future.$anonfun$map$1(Future.scala:292)
	at scala.concurrent.impl.Promise.liftedTree1$1(Promise.scala:33)
	at scala.concurrent.impl.Promise.$anonfun$transform$1(Promise.scala:33)
	... 4 more
Caused by: java.net.URISyntaxException: Illegal character in path at index 70: file:///C:/Users/Raymu/OneDrive/Documentos/GitHub/Datos_Masivos/Unidad 1/Evaluation/ExamUnit1.scala
	at java.net.URI$Parser.fail(URI.java:2848)
	at java.net.URI$Parser.checkChars(URI.java:3021)
	at java.net.URI$Parser.parseHierarchical(URI.java:3105)
	at java.net.URI$Parser.parse(URI.java:3053)
	at java.net.URI.<init>(URI.java:588)
	at java.net.URI.create(URI.java:850)
	... 18 more

mar 21, 2022 10:46:56 AM org.eclipse.lsp4j.jsonrpc.RemoteEndpoint fallbackResponseError
GRAVE: Internal error: java.lang.IllegalArgumentException: Illegal character in path at index 70: file:///C:/Users/Raymu/OneDrive/Documentos/GitHub/Datos_Masivos/Unidad 1/Evaluation/ExamUnit1.scala
java.util.concurrent.CompletionException: java.lang.IllegalArgumentException: Illegal character in path at index 70: file:///C:/Users/Raymu/OneDrive/Documentos/GitHub/Datos_Masivos/Unidad 1/Evaluation/ExamUnit1.scala
	at java.util.concurrent.CompletableFuture.encodeThrowable(CompletableFuture.java:292)
	at java.util.concurrent.CompletableFuture.completeThrowable(CompletableFuture.java:308)
	at java.util.concurrent.CompletableFuture.uniAccept(CompletableFuture.java:647)
	at java.util.concurrent.CompletableFuture$UniAccept.tryFire(CompletableFuture.java:632)
	at java.util.concurrent.CompletableFuture.postComplete(CompletableFuture.java:474)
	at java.util.concurrent.CompletableFuture.completeExceptionally(CompletableFuture.java:1977)
	at scala.meta.internal.metals.CancelTokens$.$anonfun$future$1(CancelTokens.scala:40)
	at scala.meta.internal.metals.CancelTokens$.$anonfun$future$1$adapted(CancelTokens.scala:38)
	at scala.concurrent.impl.CallbackRunnable.run(Promise.scala:64)
	at java.util.concurrent.ThreadPoolExecutor.runWorker(ThreadPoolExecutor.java:1149)
	at java.util.concurrent.ThreadPoolExecutor$Worker.run(ThreadPoolExecutor.java:624)
	at java.lang.Thread.run(Thread.java:748)
Caused by: java.lang.IllegalArgumentException: Illegal character in path at index 70: file:///C:/Users/Raymu/OneDrive/Documentos/GitHub/Datos_Masivos/Unidad 1/Evaluation/ExamUnit1.scala
	at java.net.URI.create(URI.java:852)
	at scala.meta.internal.mtags.MtagsEnrichments$XtensionStringMtags.toAbsolutePath(MtagsEnrichments.scala:103)
	at scala.meta.internal.mtags.MtagsEnrichments$XtensionStringMtags.toAbsolutePath(MtagsEnrichments.scala:99)
	at scala.meta.internal.parsing.Trees.tokenized(Trees.scala:112)
	at scala.meta.internal.parsing.TokenEditDistance$.apply(TokenEditDistance.scala:383)
	at scala.meta.internal.metals.Buffers.tokenEditDistance(Buffers.scala:30)
	at scala.meta.internal.metals.codelenses.RunTestCodeLens.codeLenses(RunTestCodeLens.scala:63)
	at scala.meta.internal.metals.CodeLensProvider.$anonfun$findLenses$3(CodeLensProvider.scala:26)
	at scala.collection.immutable.List.flatMap(List.scala:366)
	at scala.meta.internal.metals.CodeLensProvider.$anonfun$findLenses$2(CodeLensProvider.scala:26)
	at scala.Option.map(Option.scala:230)
	at scala.meta.internal.metals.CodeLensProvider.findLenses(CodeLensProvider.scala:24)
	at scala.meta.internal.metals.MetalsLanguageServer.$anonfun$codeLens$2(MetalsLanguageServer.scala:1628)
	at scala.meta.internal.metals.TimerProvider.timedThunk(TimerProvider.scala:25)
	at scala.meta.internal.metals.MetalsLanguageServer.$anonfun$codeLens$1(MetalsLanguageServer.scala:1626)
	at scala.meta.internal.metals.CancelTokens$.$anonfun$apply$2(CancelTokens.scala:26)
	at scala.concurrent.Future$.$anonfun$apply$1(Future.scala:659)
	at scala.util.Success.$anonfun$map$1(Try.scala:255)
	at scala.util.Success.map(Try.scala:213)
	at scala.concurrent.Future.$anonfun$map$1(Future.scala:292)
	at scala.concurrent.impl.Promise.liftedTree1$1(Promise.scala:33)
	at scala.concurrent.impl.Promise.$anonfun$transform$1(Promise.scala:33)
	... 4 more
Caused by: java.net.URISyntaxException: Illegal character in path at index 70: file:///C:/Users/Raymu/OneDrive/Documentos/GitHub/Datos_Masivos/Unidad 1/Evaluation/ExamUnit1.scala
	at java.net.URI$Parser.fail(URI.java:2848)
	at java.net.URI$Parser.checkChars(URI.java:3021)
	at java.net.URI$Parser.parseHierarchical(URI.java:3105)
	at java.net.URI$Parser.parse(URI.java:3053)
	at java.net.URI.<init>(URI.java:588)
	at java.net.URI.create(URI.java:850)
	... 25 more

2022.03.21 10:47:13 WARN  no build target for: C:\Users\Raymu\OneDrive\Documentos\GitHub\Datos_Masivos\Unidad 1\Evaluation\ExamUnit1.scala
